<?xml version="1.0" encoding="UTF-8"?>
<testng-results skipped="0" failed="0" ignored="0" total="1" passed="1">
  <reporter-output>
  </reporter-output>
  <suite name="Default suite" duration-ms="23674" started-at="2020-11-14T22:00:26 IST" finished-at="2020-11-14T22:00:50 IST">
    <groups>
    </groups>
    <test name="Default test" duration-ms="23674" started-at="2020-11-14T22:00:26 IST" finished-at="2020-11-14T22:00:50 IST">
      <class name="test.EngineTest">
        <test-method status="PASS" signature="LoginTest()[pri:0, instance:test.EngineTest@1dfe2924]" name="LoginTest" duration-ms="23585" started-at="2020-11-14T22:00:26 IST" finished-at="2020-11-14T22:00:50 IST">
          <reporter-output>
          </reporter-output>
        </test-method> <!-- LoginTest -->
      </class> <!-- test.EngineTest -->
    </test> <!-- Default test -->
  </suite> <!-- Default suite -->
</testng-results>
