<?xml version="1.0" encoding="UTF-8"?>
<testng-results skipped="0" failed="0" ignored="0" total="1" passed="1">
  <reporter-output>
  </reporter-output>
  <suite name="Default suite" duration-ms="22258" started-at="2021-01-30T07:12:39Z" finished-at="2021-01-30T07:13:01Z">
    <groups>
    </groups>
    <test name="Default test" duration-ms="22258" started-at="2021-01-30T07:12:39Z" finished-at="2021-01-30T07:13:01Z">
      <class name="dataDriven.WriteDataToExcel">
        <test-method status="PASS" signature="initialization()[pri:0, instance:dataDriven.WriteDataToExcel@4313f5bc]" name="initialization" is-config="true" duration-ms="11553" started-at="2021-01-30T07:12:39Z" finished-at="2021-01-30T07:12:51Z">
          <reporter-output>
          </reporter-output>
        </test-method> <!-- initialization -->
        <test-method status="PASS" signature="testData()[pri:0, instance:dataDriven.WriteDataToExcel@4313f5bc]" name="testData" duration-ms="10512" started-at="2021-01-30T07:12:51Z" finished-at="2021-01-30T07:13:01Z">
          <reporter-output>
          </reporter-output>
        </test-method> <!-- testData -->
        <test-method status="PASS" signature="teardown()[pri:0, instance:dataDriven.WriteDataToExcel@4313f5bc]" name="teardown" is-config="true" duration-ms="154" started-at="2021-01-30T07:13:01Z" finished-at="2021-01-30T07:13:01Z">
          <reporter-output>
          </reporter-output>
        </test-method> <!-- teardown -->
      </class> <!-- dataDriven.WriteDataToExcel -->
    </test> <!-- Default test -->
  </suite> <!-- Default suite -->
</testng-results>
